[ 2015-08-14T16:35:04+08:00 ] ::1 /
NOTIC: [8] Use of undefined constant HTTP_CLIENT_IP - assumed 'HTTP_CLIENT_IP' /Applications/XAMPP/xamppfiles/htdocs/tpshop/Application/Common/Common/function.php 第 842 行.
NOTIC: [8] Use of undefined constant HTTP_X_FORWARDED_FOR - assumed 'HTTP_X_FORWARDED_FOR' /Applications/XAMPP/xamppfiles/htdocs/tpshop/Application/Common/Common/function.php 第 844 行.
NOTIC: [8] Use of undefined constant REMOTE_ADDR - assumed 'REMOTE_ADDR' /Applications/XAMPP/xamppfiles/htdocs/tpshop/Application/Common/Common/function.php 第 846 行.
NOTIC: [8] Use of undefined constant REMOTE_ADDR - assumed 'REMOTE_ADDR' /Applications/XAMPP/xamppfiles/htdocs/tpshop/Application/Common/Common/function.php 第 848 行.
NOTIC: [8] Use of undefined constant REMOTE_ADDR - assumed 'REMOTE_ADDR' /Applications/XAMPP/xamppfiles/htdocs/tpshop/Application/Common/Common/function.php 第 848 行.
NOTIC: [8] Use of undefined constant REMOTE_ADDR - assumed 'REMOTE_ADDR' /Applications/XAMPP/xamppfiles/htdocs/tpshop/Application/Common/Common/function.php 第 848 行.
NOTIC: [8] Use of undefined constant unknown - assumed 'unknown' /Applications/XAMPP/xamppfiles/htdocs/tpshop/Application/Common/Common/function.php 第 848 行.
NOTIC: [8] Use of undefined constant REMOTE_ADDR - assumed 'REMOTE_ADDR' /Applications/XAMPP/xamppfiles/htdocs/tpshop/Application/Common/Common/function.php 第 849 行.
NOTIC: [8] Trying to get property of non-object /Applications/XAMPP/xamppfiles/htdocs/tpshop/Application/Common/Common/function.php 第 858 行.
NOTIC: [8] Trying to get property of non-object /Applications/XAMPP/xamppfiles/htdocs/tpshop/Application/Common/Common/function.php 第 859 行.
NOTIC: [8] Trying to get property of non-object /Applications/XAMPP/xamppfiles/htdocs/tpshop/Application/Common/Common/function.php 第 860 行.
NOTIC: [8] Trying to get property of non-object /Applications/XAMPP/xamppfiles/htdocs/tpshop/Application/Common/Common/function.php 第 861 行.
NOTIC: [8] Trying to get property of non-object /Applications/XAMPP/xamppfiles/htdocs/tpshop/Application/Common/Common/function.php 第 862 行.
NOTIC: [8] Trying to get property of non-object /Applications/XAMPP/xamppfiles/htdocs/tpshop/Application/Common/Common/function.php 第 863 行.
NOTIC: [8] Undefined index: HTTP_REFERER /Applications/XAMPP/xamppfiles/htdocs/tpshop/Application/Common/Common/function.php 第 873 行.
SQL: SHOW COLUMNS FROM `tpshop_records` [ RunTime:0.0042s ]
SQL: SELECT * FROM `tpshop_records` WHERE ( ip='' and tag='1' and page='index' )  [ RunTime:0.0002s ]
SQL: INSERT INTO `tpshop_records` (`tag`,`page`,`time`,`url`) VALUES ('1','index','1439541303','localhost:8000/') [ RunTime:0.0003s ]
SQL: SHOW COLUMNS FROM `tpshop_category` [ RunTime:0.0027s ]
SQL: SHOW COLUMNS FROM `tpshop_category` [ RunTime:0.0035s ]
SQL: SELECT `id`,`name`,`pid`,`title` FROM `tpshop_category` WHERE ( display="1"and ismenu="1"  ) ORDER BY sort desc  [ RunTime:0.0004s ]
SQL: SHOW COLUMNS FROM `tpshop_category` [ RunTime:0.0022s ]
SQL: SELECT `id` FROM `tpshop_category` WHERE ( display=1 and pid=0 )  [ RunTime:0.0003s ]
SQL: SHOW COLUMNS FROM `tpshop_slide` [ RunTime:0.0023s ]
SQL: SELECT * FROM `tpshop_slide` WHERE ( status=1 )  [ RunTime:0.0002s ]
SQL: SHOW COLUMNS FROM `tpshop_document_product` [ RunTime:0.0046s ]
SQL: SELECT * FROM `tpshop_document_product` WHERE ( mark="2" ) ORDER BY id desc LIMIT 6   [ RunTime:0.0037s ]
SQL: SELECT * FROM `tpshop_document_product` ORDER BY id desc LIMIT 6   [ RunTime:0.0003s ]
SQL: SHOW COLUMNS FROM `tpshop_document` [ RunTime:0.0019s ]
SQL: SELECT * FROM `tpshop_document` ORDER BY sale desc LIMIT 6   [ RunTime:0.0003s ]
SQL: SELECT * FROM `tpshop_document` WHERE ( position="4" )  [ RunTime:0.0003s ]
SQL: SHOW COLUMNS FROM `tpshop_config` [ RunTime:0.0026s ]
SQL: SELECT `value` FROM `tpshop_config` WHERE ( id="40" ) LIMIT 1   [ RunTime:0.0002s ]
SQL: SELECT `type`,`name`,`value` FROM `tpshop_config` WHERE `status` = 1  [ RunTime:0.0003s ]
SQL: SHOW COLUMNS FROM `tpshop_shopcart` [ RunTime:0.0020s ]
SQL: SHOW COLUMNS FROM `tpshop_member` [ RunTime:0.0038s ]
SQL: SELECT * FROM `tpshop_shopcart` WHERE `uid` = null  [ RunTime:0.0019s ]
NOTIC: [8] Undefined index: cart /Applications/XAMPP/xamppfiles/htdocs/tpshop/Application/Home/Controller/IndexController.class.php 第 57 行.
SQL: SELECT `type`,`name`,`value` FROM `tpshop_config` WHERE `status` = 1  [ RunTime:0.0003s ]
SQL: SELECT * FROM `tpshop_category` WHERE ( ismenu='2' and pid='0' ) ORDER BY id asc  [ RunTime:0.0005s ]
SQL: SELECT * FROM `tpshop_category` WHERE ( pid='77' )  [ RunTime:0.0003s ]
SQL: SELECT * FROM `tpshop_category` WHERE ( pid='133' )  [ RunTime:0.0002s ]
SQL: SELECT * FROM `tpshop_category` WHERE ( pid='137' )  [ RunTime:0.0002s ]
SQL: SELECT * FROM `tpshop_category` WHERE ( pid='141' )  [ RunTime:0.0002s ]
SQL: SELECT `id`,`name`,`title`,`pid`,`sort`,`list_row`,`meta_title`,`keywords`,`description`,`template_index`,`template_lists`,`template_detail`,`template_edit`,`model`,`model_sub`,`type`,`link_id`,`allow_publish`,`display`,`reply`,`check`,`reply_model`,`extend`,`create_time`,`update_time`,`status`,`icon`,`ismenu` FROM `tpshop_category` WHERE `status` = 1 AND `ismenu` = 1 ORDER BY sort desc  [ RunTime:0.0007s ]
SQL: SELECT * FROM `tpshop_category` WHERE `pid` IN ('52') AND `ismenu` = 1 ORDER BY id desc LIMIT 10   [ RunTime:0.0004s ]
SQL: SHOW COLUMNS FROM `tpshop_document` [ RunTime:0.0024s ]
SQL: SELECT * FROM `tpshop_document` WHERE `category_id` IN ('52','58','124','57','126') AND `status` = 1 ORDER BY id desc LIMIT 10   [ RunTime:0.0020s ]
SQL: SELECT * FROM `tpshop_category` WHERE `pid` IN ('107') AND `ismenu` = 1 ORDER BY id desc LIMIT 10   [ RunTime:0.0003s ]
SQL: SELECT * FROM `tpshop_document` WHERE `category_id` IN ('107','104','110','105','109') AND `status` = 1 ORDER BY id desc LIMIT 10   [ RunTime:0.0004s ]
NOTIC: [8] Undefined index: _ /Applications/XAMPP/xamppfiles/htdocs/tpshop/Application/Home/Controller/IndexController.class.php 第 151 行.
NOTIC: [2] Invalid argument supplied for foreach() /Applications/XAMPP/xamppfiles/htdocs/tpshop/Application/Home/Controller/IndexController.class.php 第 151 行.
NOTIC: [8] Undefined index: _ /Applications/XAMPP/xamppfiles/htdocs/tpshop/Application/Home/Controller/IndexController.class.php 第 151 行.
NOTIC: [2] Invalid argument supplied for foreach() /Applications/XAMPP/xamppfiles/htdocs/tpshop/Application/Home/Controller/IndexController.class.php 第 151 行.
SQL: SELECT * FROM `tpshop_category` WHERE `pid` IN ('75') AND `ismenu` = 1 ORDER BY id desc LIMIT 10   [ RunTime:0.0004s ]
SQL: SELECT * FROM `tpshop_document` WHERE `category_id` IN ('75','115','116','129','117','118','123','119') AND `status` = 1 ORDER BY id desc LIMIT 10   [ RunTime:0.0004s ]
SQL: SELECT * FROM `tpshop_category` WHERE `pid` IN ('71') AND `ismenu` = 1 ORDER BY id desc LIMIT 10   [ RunTime:0.0003s ]
SQL: SELECT * FROM `tpshop_document` WHERE `category_id` IN ('71','81','82','83','84','86','87','88') AND `status` = 1 ORDER BY id desc LIMIT 10   [ RunTime:0.0003s ]
SQL: SELECT * FROM `tpshop_category` WHERE `pid` IN ('72') AND `ismenu` = 1 ORDER BY id desc LIMIT 10   [ RunTime:0.0003s ]
SQL: SELECT * FROM `tpshop_document` WHERE `category_id` IN ('72','92','93','94','96','99','100','101') AND `status` = 1 ORDER BY id desc LIMIT 10   [ RunTime:0.0003s ]
SQL: SELECT * FROM `tpshop_category` WHERE `pid` IN ('73') AND `ismenu` = 1 ORDER BY id desc LIMIT 10   [ RunTime:0.0003s ]
SQL: SELECT * FROM `tpshop_document` WHERE `category_id` IN ('73','97','98','102','103') AND `status` = 1 ORDER BY id desc LIMIT 10   [ RunTime:0.0003s ]
NOTIC: [8] Undefined index: _ /Applications/XAMPP/xamppfiles/htdocs/tpshop/Application/Home/Controller/IndexController.class.php 第 151 行.
NOTIC: [2] Invalid argument supplied for foreach() /Applications/XAMPP/xamppfiles/htdocs/tpshop/Application/Home/Controller/IndexController.class.php 第 151 行.
SQL: SELECT * FROM `tpshop_category` WHERE `pid` IN ('76') AND `ismenu` = 1 ORDER BY id desc LIMIT 10   [ RunTime:0.0004s ]
SQL: SELECT * FROM `tpshop_document` WHERE `category_id` IN ('76','120','121','122') AND `status` = 1 ORDER BY id desc LIMIT 10   [ RunTime:0.0004s ]
SQL: SELECT * FROM `tpshop_category` WHERE `pid` IN ('90') AND `ismenu` = 1 ORDER BY id desc LIMIT 10   [ RunTime:0.0003s ]
SQL: SELECT * FROM `tpshop_document` WHERE `category_id` IN ('90','106','108') AND `status` = 1 ORDER BY id desc LIMIT 10   [ RunTime:0.0003s ]
SQL: SELECT * FROM `tpshop_category` WHERE `pid` IN ('111') AND `ismenu` = 1 ORDER BY id desc LIMIT 10   [ RunTime:0.0003s ]
SQL: SELECT * FROM `tpshop_document` WHERE `category_id` IN ('111','112','114') AND `status` = 1 ORDER BY id desc LIMIT 10   [ RunTime:0.0005s ]
SQL: SELECT * FROM `tpshop_document` WHERE ( category_id='56' ) ORDER BY id desc LIMIT 8   [ RunTime:0.0004s ]
SQL: SELECT * FROM `tpshop_document` WHERE ( category_id='70' ) ORDER BY id desc LIMIT 8   [ RunTime:0.0004s ]
INFO: [ view_parse ] --START--
INFO: [ template_filter ] --START--
INFO: Run Behavior\ContentReplaceBehavior [ RunTime:0.000137s ]
INFO: [ template_filter ] --END-- [ RunTime:0.000177s ]
SQL: SHOW COLUMNS FROM `tpshop_channel` [ RunTime:0.0033s ]
SQL: SELECT `id`,`pid`,`title`,`url`,`sort`,`create_time`,`update_time`,`status`,`target` FROM `tpshop_channel` WHERE ( status=1 ) ORDER BY sort  [ RunTime:0.0015s ]
SQL: SHOW COLUMNS FROM `tpshop_picture` [ RunTime:0.0021s ]
SQL: SELECT * FROM `tpshop_picture` WHERE `status` = 1 AND `id` = 50 LIMIT 1   [ RunTime:0.0003s ]
SQL: SELECT * FROM `tpshop_picture` WHERE `status` = 1 AND `id` = 49 LIMIT 1   [ RunTime:0.0003s ]
SQL: SELECT * FROM `tpshop_picture` WHERE `status` = 1 AND `id` = 34 LIMIT 1   [ RunTime:0.0003s ]
SQL: SELECT * FROM `tpshop_picture` WHERE `status` = 1 AND `id` = 48 LIMIT 1   [ RunTime:0.0002s ]
SQL: SELECT * FROM `tpshop_picture` WHERE `status` = 1 AND `id` = 33 LIMIT 1   [ RunTime:0.0002s ]
SQL: SELECT * FROM `tpshop_picture` WHERE `status` = 1 AND `id` = 85 LIMIT 1   [ RunTime:0.0013s ]
SQL: SELECT * FROM `tpshop_picture` WHERE `status` = 1 AND `id` = 66 LIMIT 1   [ RunTime:0.0003s ]
NOTIC: [8] Undefined variable: v /Applications/XAMPP/xamppfiles/htdocs/tpshop/Runtime/Cache/Home/769e70f2e46f34ceb60619bbda5e4691.php 第 360 行.
SQL: SELECT * FROM `tpshop_document_product` WHERE `id` = null LIMIT 1   [ RunTime:0.0003s ]
SQL: SELECT * FROM `tpshop_picture` WHERE `status` = 1 AND `id` = 23 LIMIT 1   [ RunTime:0.0013s ]
NOTIC: [8] Undefined variable: v /Applications/XAMPP/xamppfiles/htdocs/tpshop/Runtime/Cache/Home/769e70f2e46f34ceb60619bbda5e4691.php 第 360 行.
SQL: SELECT * FROM `tpshop_document_product` WHERE `id` = null LIMIT 1   [ RunTime:0.0002s ]
SQL: SELECT * FROM `tpshop_picture` WHERE `status` = 1 AND `id` = 24 LIMIT 1   [ RunTime:0.0003s ]
NOTIC: [8] Undefined variable: v /Applications/XAMPP/xamppfiles/htdocs/tpshop/Runtime/Cache/Home/769e70f2e46f34ceb60619bbda5e4691.php 第 360 行.
SQL: SELECT * FROM `tpshop_document_product` WHERE `id` = null LIMIT 1   [ RunTime:0.0002s ]
SQL: SELECT * FROM `tpshop_picture` WHERE `status` = 1 AND `id` = 21 LIMIT 1   [ RunTime:0.0002s ]
NOTIC: [8] Undefined variable: v /Applications/XAMPP/xamppfiles/htdocs/tpshop/Runtime/Cache/Home/769e70f2e46f34ceb60619bbda5e4691.php 第 360 行.
SQL: SELECT * FROM `tpshop_document_product` WHERE `id` = null LIMIT 1   [ RunTime:0.0002s ]
SQL: SELECT * FROM `tpshop_picture` WHERE `status` = 1 AND `id` = 20 LIMIT 1   [ RunTime:0.0002s ]
NOTIC: [8] Undefined variable: v /Applications/XAMPP/xamppfiles/htdocs/tpshop/Runtime/Cache/Home/769e70f2e46f34ceb60619bbda5e4691.php 第 360 行.
SQL: SELECT * FROM `tpshop_document_product` WHERE `id` = null LIMIT 1   [ RunTime:0.0002s ]
SQL: SELECT * FROM `tpshop_picture` WHERE `status` = 1 AND `id` = 17 LIMIT 1   [ RunTime:0.0002s ]
NOTIC: [8] Undefined variable: v /Applications/XAMPP/xamppfiles/htdocs/tpshop/Runtime/Cache/Home/769e70f2e46f34ceb60619bbda5e4691.php 第 360 行.
SQL: SELECT * FROM `tpshop_document_product` WHERE `id` = null LIMIT 1   [ RunTime:0.0002s ]
SQL: SELECT * FROM `tpshop_picture` WHERE `status` = 1 AND `id` = 9 LIMIT 1   [ RunTime:0.0002s ]
NOTIC: [8] Undefined variable: v /Applications/XAMPP/xamppfiles/htdocs/tpshop/Runtime/Cache/Home/769e70f2e46f34ceb60619bbda5e4691.php 第 360 行.
SQL: SELECT * FROM `tpshop_document_product` WHERE `id` = null LIMIT 1   [ RunTime:0.0002s ]
SQL: SELECT * FROM `tpshop_picture` WHERE `status` = 1 AND `id` = 7 LIMIT 1   [ RunTime:0.0002s ]
NOTIC: [8] Undefined variable: v /Applications/XAMPP/xamppfiles/htdocs/tpshop/Runtime/Cache/Home/769e70f2e46f34ceb60619bbda5e4691.php 第 360 行.
SQL: SELECT * FROM `tpshop_document_product` WHERE `id` = null LIMIT 1   [ RunTime:0.0002s ]
SQL: SELECT * FROM `tpshop_picture` WHERE `status` = 1 AND `id` = 15 LIMIT 1   [ RunTime:0.0004s ]
NOTIC: [8] Undefined variable: v /Applications/XAMPP/xamppfiles/htdocs/tpshop/Runtime/Cache/Home/769e70f2e46f34ceb60619bbda5e4691.php 第 360 行.
SQL: SELECT * FROM `tpshop_document_product` WHERE `id` = null LIMIT 1   [ RunTime:0.0002s ]
SQL: SELECT * FROM `tpshop_picture` WHERE `status` = 1 AND `id` = 87 LIMIT 1   [ RunTime:0.0003s ]
SQL: SELECT * FROM `tpshop_picture` WHERE `status` = 1 AND `id` = 110 LIMIT 1   [ RunTime:0.0013s ]
NOTIC: [8] Undefined variable: v /Applications/XAMPP/xamppfiles/htdocs/tpshop/Runtime/Cache/Home/769e70f2e46f34ceb60619bbda5e4691.php 第 360 行.
SQL: SELECT * FROM `tpshop_document_product` WHERE `id` = null LIMIT 1   [ RunTime:0.0003s ]
SQL: SELECT * FROM `tpshop_picture` WHERE `status` = 1 AND `id` = 108 LIMIT 1   [ RunTime:0.0002s ]
NOTIC: [8] Undefined variable: v /Applications/XAMPP/xamppfiles/htdocs/tpshop/Runtime/Cache/Home/769e70f2e46f34ceb60619bbda5e4691.php 第 360 行.
SQL: SELECT * FROM `tpshop_document_product` WHERE `id` = null LIMIT 1   [ RunTime:0.0002s ]
SQL: SELECT * FROM `tpshop_picture` WHERE `status` = 1 AND `id` = 107 LIMIT 1   [ RunTime:0.0003s ]
NOTIC: [8] Undefined variable: v /Applications/XAMPP/xamppfiles/htdocs/tpshop/Runtime/Cache/Home/769e70f2e46f34ceb60619bbda5e4691.php 第 360 行.
SQL: SELECT * FROM `tpshop_document_product` WHERE `id` = null LIMIT 1   [ RunTime:0.0002s ]
SQL: SELECT * FROM `tpshop_picture` WHERE `status` = 1 AND `id` = 105 LIMIT 1   [ RunTime:0.0003s ]
NOTIC: [8] Undefined variable: v /Applications/XAMPP/xamppfiles/htdocs/tpshop/Runtime/Cache/Home/769e70f2e46f34ceb60619bbda5e4691.php 第 360 行.
SQL: SELECT * FROM `tpshop_document_product` WHERE `id` = null LIMIT 1   [ RunTime:0.0004s ]
SQL: SELECT * FROM `tpshop_picture` WHERE `status` = 1 AND `id` = 104 LIMIT 1   [ RunTime:0.0004s ]
NOTIC: [8] Undefined variable: v /Applications/XAMPP/xamppfiles/htdocs/tpshop/Runtime/Cache/Home/769e70f2e46f34ceb60619bbda5e4691.php 第 360 行.
SQL: SELECT * FROM `tpshop_document_product` WHERE `id` = null LIMIT 1   [ RunTime:0.0003s ]
SQL: SELECT * FROM `tpshop_picture` WHERE `status` = 1 AND `id` = 91 LIMIT 1   [ RunTime:0.0003s ]
NOTIC: [8] Undefined variable: v /Applications/XAMPP/xamppfiles/htdocs/tpshop/Runtime/Cache/Home/769e70f2e46f34ceb60619bbda5e4691.php 第 360 行.
SQL: SELECT * FROM `tpshop_document_product` WHERE `id` = null LIMIT 1   [ RunTime:0.0003s ]
SQL: SELECT * FROM `tpshop_picture` WHERE `status` = 1 AND `id` = 103 LIMIT 1   [ RunTime:0.0005s ]
NOTIC: [8] Undefined variable: v /Applications/XAMPP/xamppfiles/htdocs/tpshop/Runtime/Cache/Home/769e70f2e46f34ceb60619bbda5e4691.php 第 360 行.
SQL: SELECT * FROM `tpshop_document_product` WHERE `id` = null LIMIT 1   [ RunTime:0.0003s ]
SQL: SELECT * FROM `tpshop_picture` WHERE `status` = 1 AND `id` = 101 LIMIT 1   [ RunTime:0.0003s ]
NOTIC: [8] Undefined variable: v /Applications/XAMPP/xamppfiles/htdocs/tpshop/Runtime/Cache/Home/769e70f2e46f34ceb60619bbda5e4691.php 第 360 行.
SQL: SELECT * FROM `tpshop_document_product` WHERE `id` = null LIMIT 1   [ RunTime:0.0003s ]
SQL: SELECT * FROM `tpshop_picture` WHERE `status` = 1 AND `id` = 99 LIMIT 1   [ RunTime:0.0003s ]
NOTIC: [8] Undefined variable: v /Applications/XAMPP/xamppfiles/htdocs/tpshop/Runtime/Cache/Home/769e70f2e46f34ceb60619bbda5e4691.php 第 360 行.
SQL: SELECT * FROM `tpshop_document_product` WHERE `id` = null LIMIT 1   [ RunTime:0.0003s ]
SQL: SELECT * FROM `tpshop_picture` WHERE `status` = 1 AND `id` = 98 LIMIT 1   [ RunTime:0.0003s ]
NOTIC: [8] Undefined variable: v /Applications/XAMPP/xamppfiles/htdocs/tpshop/Runtime/Cache/Home/769e70f2e46f34ceb60619bbda5e4691.php 第 360 行.
SQL: SELECT * FROM `tpshop_document_product` WHERE `id` = null LIMIT 1   [ RunTime:0.0002s ]
SQL: SELECT * FROM `tpshop_picture` WHERE `status` = 1 AND `id` = 88 LIMIT 1   [ RunTime:0.0003s ]
SQL: SELECT * FROM `tpshop_picture` WHERE `status` = 1 AND `id` = 97 LIMIT 1   [ RunTime:0.0002s ]
NOTIC: [8] Undefined variable: v /Applications/XAMPP/xamppfiles/htdocs/tpshop/Runtime/Cache/Home/769e70f2e46f34ceb60619bbda5e4691.php 第 360 行.
SQL: SELECT * FROM `tpshop_document_product` WHERE `id` = null LIMIT 1   [ RunTime:0.0002s ]
SQL: SELECT * FROM `tpshop_picture` WHERE `status` = 1 AND `id` = 96 LIMIT 1   [ RunTime:0.0002s ]
NOTIC: [8] Undefined variable: v /Applications/XAMPP/xamppfiles/htdocs/tpshop/Runtime/Cache/Home/769e70f2e46f34ceb60619bbda5e4691.php 第 360 行.
SQL: SELECT * FROM `tpshop_document_product` WHERE `id` = null LIMIT 1   [ RunTime:0.0002s ]
SQL: SELECT * FROM `tpshop_picture` WHERE `status` = 1 AND `id` = 95 LIMIT 1   [ RunTime:0.0002s ]
NOTIC: [8] Undefined variable: v /Applications/XAMPP/xamppfiles/htdocs/tpshop/Runtime/Cache/Home/769e70f2e46f34ceb60619bbda5e4691.php 第 360 行.
SQL: SELECT * FROM `tpshop_document_product` WHERE `id` = null LIMIT 1   [ RunTime:0.0002s ]
SQL: SELECT * FROM `tpshop_picture` WHERE `status` = 1 AND `id` = 92 LIMIT 1   [ RunTime:0.0003s ]
NOTIC: [8] Undefined variable: v /Applications/XAMPP/xamppfiles/htdocs/tpshop/Runtime/Cache/Home/769e70f2e46f34ceb60619bbda5e4691.php 第 360 行.
SQL: SELECT * FROM `tpshop_document_product` WHERE `id` = null LIMIT 1   [ RunTime:0.0003s ]
SQL: SELECT * FROM `tpshop_picture` WHERE `status` = 1 AND `id` = 86 LIMIT 1   [ RunTime:0.0003s ]
SQL: SELECT * FROM `tpshop_picture` WHERE `status` = 1 AND `id` = 89 LIMIT 1   [ RunTime:0.0003s ]
NOTIC: [8] Undefined variable: v /Applications/XAMPP/xamppfiles/htdocs/tpshop/Runtime/Cache/Home/769e70f2e46f34ceb60619bbda5e4691.php 第 360 行.
SQL: SELECT * FROM `tpshop_document_product` WHERE `id` = null LIMIT 1   [ RunTime:0.0003s ]
SQL: SELECT * FROM `tpshop_picture` WHERE `status` = 1 AND `id` = 62 LIMIT 1   [ RunTime:0.0002s ]
SQL: SELECT * FROM `tpshop_picture` WHERE `status` = 1 AND `id` = 62 LIMIT 1   [ RunTime:0.0002s ]
SQL: SELECT * FROM `tpshop_picture` WHERE `status` = 1 AND `id` = 57 LIMIT 1   [ RunTime:0.0002s ]
SQL: SELECT * FROM `tpshop_picture` WHERE `status` = 1 AND `id` = 59 LIMIT 1   [ RunTime:0.0003s ]
SQL: SELECT * FROM `tpshop_picture` WHERE `status` = 1 AND `id` = 56 LIMIT 1   [ RunTime:0.0005s ]
SQL: SELECT * FROM `tpshop_picture` WHERE `status` = 1 AND `id` = 111 LIMIT 1   [ RunTime:0.0004s ]
NOTIC: [8] Undefined variable: v /Applications/XAMPP/xamppfiles/htdocs/tpshop/Runtime/Cache/Home/769e70f2e46f34ceb60619bbda5e4691.php 第 360 行.
SQL: SELECT * FROM `tpshop_document_product` WHERE `id` = null LIMIT 1   [ RunTime:0.0002s ]
NOTIC: [8] Undefined variable: url /Applications/XAMPP/xamppfiles/htdocs/tpshop/Runtime/Cache/Home/769e70f2e46f34ceb60619bbda5e4691.php 第 387 行.
INFO: Run Behavior\ParseTemplateBehavior [ RunTime:0.077606s ]
INFO: [ view_parse ] --END-- [ RunTime:0.077665s ]
INFO: [ view_filter ] --START--
INFO: Run Behavior\WriteHtmlCacheBehavior [ RunTime:0.000204s ]
INFO: [ view_filter ] --END-- [ RunTime:0.000244s ]
INFO: [ app_end ] --START--
INFO: Run Behavior\ShowPageTraceBehavior [ RunTime:0.000424s ]
INFO: [ app_end ] --END-- [ RunTime:0.000499s ]

[ 2015-08-14T16:35:04+08:00 ] ::1 /
NOTIC: [8] Use of undefined constant HTTP_CLIENT_IP - assumed 'HTTP_CLIENT_IP' /Applications/XAMPP/xamppfiles/htdocs/tpshop/Application/Common/Common/function.php 第 842 行.
NOTIC: [8] Use of undefined constant HTTP_X_FORWARDED_FOR - assumed 'HTTP_X_FORWARDED_FOR' /Applications/XAMPP/xamppfiles/htdocs/tpshop/Application/Common/Common/function.php 第 844 行.
NOTIC: [8] Use of undefined constant REMOTE_ADDR - assumed 'REMOTE_ADDR' /Applications/XAMPP/xamppfiles/htdocs/tpshop/Application/Common/Common/function.php 第 846 行.
NOTIC: [8] Use of undefined constant REMOTE_ADDR - assumed 'REMOTE_ADDR' /Applications/XAMPP/xamppfiles/htdocs/tpshop/Application/Common/Common/function.php 第 848 行.
NOTIC: [8] Use of undefined constant REMOTE_ADDR - assumed 'REMOTE_ADDR' /Applications/XAMPP/xamppfiles/htdocs/tpshop/Application/Common/Common/function.php 第 848 行.
NOTIC: [8] Use of undefined constant REMOTE_ADDR - assumed 'REMOTE_ADDR' /Applications/XAMPP/xamppfiles/htdocs/tpshop/Application/Common/Common/function.php 第 848 行.
NOTIC: [8] Use of undefined constant unknown - assumed 'unknown' /Applications/XAMPP/xamppfiles/htdocs/tpshop/Application/Common/Common/function.php 第 848 行.
NOTIC: [8] Use of undefined constant REMOTE_ADDR - assumed 'REMOTE_ADDR' /Applications/XAMPP/xamppfiles/htdocs/tpshop/Application/Common/Common/function.php 第 849 行.
NOTIC: [8] Trying to get property of non-object /Applications/XAMPP/xamppfiles/htdocs/tpshop/Application/Common/Common/function.php 第 858 行.
NOTIC: [8] Trying to get property of non-object /Applications/XAMPP/xamppfiles/htdocs/tpshop/Application/Common/Common/function.php 第 859 行.
NOTIC: [8] Trying to get property of non-object /Applications/XAMPP/xamppfiles/htdocs/tpshop/Application/Common/Common/function.php 第 860 行.
NOTIC: [8] Trying to get property of non-object /Applications/XAMPP/xamppfiles/htdocs/tpshop/Application/Common/Common/function.php 第 861 行.
NOTIC: [8] Trying to get property of non-object /Applications/XAMPP/xamppfiles/htdocs/tpshop/Application/Common/Common/function.php 第 862 行.
NOTIC: [8] Trying to get property of non-object /Applications/XAMPP/xamppfiles/htdocs/tpshop/Application/Common/Common/function.php 第 863 行.
NOTIC: [8] Undefined index: HTTP_REFERER /Applications/XAMPP/xamppfiles/htdocs/tpshop/Application/Common/Common/function.php 第 873 行.
SQL: SHOW COLUMNS FROM `tpshop_records` [ RunTime:0.0039s ]
SQL: SELECT * FROM `tpshop_records` WHERE ( ip='' and tag='1' and page='index' )  [ RunTime:0.0004s ]
SQL: SELECT `time` FROM `tpshop_records` WHERE ( ip='' and tag='1' and page='index' ) ORDER BY id desc LIMIT 1   [ RunTime:0.0003s ]
SQL: SHOW COLUMNS FROM `tpshop_category` [ RunTime:0.0021s ]
SQL: SHOW COLUMNS FROM `tpshop_category` [ RunTime:0.0046s ]
SQL: SELECT `id`,`name`,`pid`,`title` FROM `tpshop_category` WHERE ( display="1"and ismenu="1"  ) ORDER BY sort desc  [ RunTime:0.0004s ]
SQL: SHOW COLUMNS FROM `tpshop_category` [ RunTime:0.0035s ]
SQL: SELECT `id` FROM `tpshop_category` WHERE ( display=1 and pid=0 )  [ RunTime:0.0003s ]
SQL: SHOW COLUMNS FROM `tpshop_slide` [ RunTime:0.0035s ]
SQL: SELECT * FROM `tpshop_slide` WHERE ( status=1 )  [ RunTime:0.0003s ]
SQL: SHOW COLUMNS FROM `tpshop_document_product` [ RunTime:0.0022s ]
SQL: SELECT * FROM `tpshop_document_product` WHERE ( mark="2" ) ORDER BY id desc LIMIT 6   [ RunTime:0.0003s ]
SQL: SELECT * FROM `tpshop_document_product` ORDER BY id desc LIMIT 6   [ RunTime:0.0003s ]
SQL: SHOW COLUMNS FROM `tpshop_document` [ RunTime:0.0023s ]
SQL: SELECT * FROM `tpshop_document` ORDER BY sale desc LIMIT 6   [ RunTime:0.0003s ]
SQL: SELECT * FROM `tpshop_document` WHERE ( position="4" )  [ RunTime:0.0002s ]
SQL: SHOW COLUMNS FROM `tpshop_config` [ RunTime:0.0027s ]
SQL: SELECT `value` FROM `tpshop_config` WHERE ( id="40" ) LIMIT 1   [ RunTime:0.0002s ]
SQL: SELECT `type`,`name`,`value` FROM `tpshop_config` WHERE `status` = 1  [ RunTime:0.0003s ]
SQL: SHOW COLUMNS FROM `tpshop_shopcart` [ RunTime:0.0020s ]
SQL: SHOW COLUMNS FROM `tpshop_member` [ RunTime:0.0021s ]
SQL: SELECT * FROM `tpshop_shopcart` WHERE `uid` = null  [ RunTime:0.0003s ]
NOTIC: [8] Undefined index: cart /Applications/XAMPP/xamppfiles/htdocs/tpshop/Application/Home/Controller/IndexController.class.php 第 57 行.
SQL: SELECT `type`,`name`,`value` FROM `tpshop_config` WHERE `status` = 1  [ RunTime:0.0003s ]
SQL: SELECT * FROM `tpshop_category` WHERE ( ismenu='2' and pid='0' ) ORDER BY id asc  [ RunTime:0.0005s ]
SQL: SELECT * FROM `tpshop_category` WHERE ( pid='77' )  [ RunTime:0.0003s ]
SQL: SELECT * FROM `tpshop_category` WHERE ( pid='133' )  [ RunTime:0.0003s ]
SQL: SELECT * FROM `tpshop_category` WHERE ( pid='137' )  [ RunTime:0.0002s ]
SQL: SELECT * FROM `tpshop_category` WHERE ( pid='141' )  [ RunTime:0.0003s ]
SQL: SELECT `id`,`name`,`title`,`pid`,`sort`,`list_row`,`meta_title`,`keywords`,`description`,`template_index`,`template_lists`,`template_detail`,`template_edit`,`model`,`model_sub`,`type`,`link_id`,`allow_publish`,`display`,`reply`,`check`,`reply_model`,`extend`,`create_time`,`update_time`,`status`,`icon`,`ismenu` FROM `tpshop_category` WHERE `status` = 1 AND `ismenu` = 1 ORDER BY sort desc  [ RunTime:0.0005s ]
SQL: SELECT * FROM `tpshop_category` WHERE `pid` IN ('52') AND `ismenu` = 1 ORDER BY id desc LIMIT 10   [ RunTime:0.0003s ]
SQL: SHOW COLUMNS FROM `tpshop_document` [ RunTime:0.0033s ]
SQL: SELECT * FROM `tpshop_document` WHERE `category_id` IN ('52','58','124','57','126') AND `status` = 1 ORDER BY id desc LIMIT 10   [ RunTime:0.0005s ]
SQL: SELECT * FROM `tpshop_category` WHERE `pid` IN ('107') AND `ismenu` = 1 ORDER BY id desc LIMIT 10   [ RunTime:0.0003s ]
SQL: SELECT * FROM `tpshop_document` WHERE `category_id` IN ('107','104','110','105','109') AND `status` = 1 ORDER BY id desc LIMIT 10   [ RunTime:0.0004s ]
NOTIC: [8] Undefined index: _ /Applications/XAMPP/xamppfiles/htdocs/tpshop/Application/Home/Controller/IndexController.class.php 第 151 行.
NOTIC: [2] Invalid argument supplied for foreach() /Applications/XAMPP/xamppfiles/htdocs/tpshop/Application/Home/Controller/IndexController.class.php 第 151 行.
NOTIC: [8] Undefined index: _ /Applications/XAMPP/xamppfiles/htdocs/tpshop/Application/Home/Controller/IndexController.class.php 第 151 行.
NOTIC: [2] Invalid argument supplied for foreach() /Applications/XAMPP/xamppfiles/htdocs/tpshop/Application/Home/Controller/IndexController.class.php 第 151 行.
SQL: SELECT * FROM `tpshop_category` WHERE `pid` IN ('75') AND `ismenu` = 1 ORDER BY id desc LIMIT 10   [ RunTime:0.0003s ]
SQL: SELECT * FROM `tpshop_document` WHERE `category_id` IN ('75','115','116','129','117','118','123','119') AND `status` = 1 ORDER BY id desc LIMIT 10   [ RunTime:0.0004s ]
SQL: SELECT * FROM `tpshop_category` WHERE `pid` IN ('71') AND `ismenu` = 1 ORDER BY id desc LIMIT 10   [ RunTime:0.0003s ]
SQL: SELECT * FROM `tpshop_document` WHERE `category_id` IN ('71','81','82','83','84','86','87','88') AND `status` = 1 ORDER BY id desc LIMIT 10   [ RunTime:0.0003s ]
SQL: SELECT * FROM `tpshop_category` WHERE `pid` IN ('72') AND `ismenu` = 1 ORDER BY id desc LIMIT 10   [ RunTime:0.0003s ]
SQL: SELECT * FROM `tpshop_document` WHERE `category_id` IN ('72','92','93','94','96','99','100','101') AND `status` = 1 ORDER BY id desc LIMIT 10   [ RunTime:0.0003s ]
SQL: SELECT * FROM `tpshop_category` WHERE `pid` IN ('73') AND `ismenu` = 1 ORDER BY id desc LIMIT 10   [ RunTime:0.0002s ]
SQL: SELECT * FROM `tpshop_document` WHERE `category_id` IN ('73','97','98','102','103') AND `status` = 1 ORDER BY id desc LIMIT 10   [ RunTime:0.0003s ]
NOTIC: [8] Undefined index: _ /Applications/XAMPP/xamppfiles/htdocs/tpshop/Application/Home/Controller/IndexController.class.php 第 151 行.
NOTIC: [2] Invalid argument supplied for foreach() /Applications/XAMPP/xamppfiles/htdocs/tpshop/Application/Home/Controller/IndexController.class.php 第 151 行.
SQL: SELECT * FROM `tpshop_category` WHERE `pid` IN ('76') AND `ismenu` = 1 ORDER BY id desc LIMIT 10   [ RunTime:0.0002s ]
SQL: SELECT * FROM `tpshop_document` WHERE `category_id` IN ('76','120','121','122') AND `status` = 1 ORDER BY id desc LIMIT 10   [ RunTime:0.0002s ]
SQL: SELECT * FROM `tpshop_category` WHERE `pid` IN ('90') AND `ismenu` = 1 ORDER BY id desc LIMIT 10   [ RunTime:0.0002s ]
SQL: SELECT * FROM `tpshop_document` WHERE `category_id` IN ('90','106','108') AND `status` = 1 ORDER BY id desc LIMIT 10   [ RunTime:0.0002s ]
SQL: SELECT * FROM `tpshop_category` WHERE `pid` IN ('111') AND `ismenu` = 1 ORDER BY id desc LIMIT 10   [ RunTime:0.0002s ]
SQL: SELECT * FROM `tpshop_document` WHERE `category_id` IN ('111','112','114') AND `status` = 1 ORDER BY id desc LIMIT 10   [ RunTime:0.0003s ]
SQL: SELECT * FROM `tpshop_document` WHERE ( category_id='56' ) ORDER BY id desc LIMIT 8   [ RunTime:0.0002s ]
SQL: SELECT * FROM `tpshop_document` WHERE ( category_id='70' ) ORDER BY id desc LIMIT 8   [ RunTime:0.0005s ]
INFO: [ view_parse ] --START--
INFO: [ template_filter ] --START--
INFO: Run Behavior\ContentReplaceBehavior [ RunTime:0.000157s ]
INFO: [ template_filter ] --END-- [ RunTime:0.000204s ]
SQL: SHOW COLUMNS FROM `tpshop_channel` [ RunTime:0.0025s ]
SQL: SELECT `id`,`pid`,`title`,`url`,`sort`,`create_time`,`update_time`,`status`,`target` FROM `tpshop_channel` WHERE ( status=1 ) ORDER BY sort  [ RunTime:0.0003s ]
SQL: SHOW COLUMNS FROM `tpshop_picture` [ RunTime:0.0024s ]
SQL: SELECT * FROM `tpshop_picture` WHERE `status` = 1 AND `id` = 50 LIMIT 1   [ RunTime:0.0002s ]
SQL: SELECT * FROM `tpshop_picture` WHERE `status` = 1 AND `id` = 49 LIMIT 1   [ RunTime:0.0002s ]
SQL: SELECT * FROM `tpshop_picture` WHERE `status` = 1 AND `id` = 34 LIMIT 1   [ RunTime:0.0002s ]
SQL: SELECT * FROM `tpshop_picture` WHERE `status` = 1 AND `id` = 48 LIMIT 1   [ RunTime:0.0002s ]
SQL: SELECT * FROM `tpshop_picture` WHERE `status` = 1 AND `id` = 33 LIMIT 1   [ RunTime:0.0002s ]
SQL: SELECT * FROM `tpshop_picture` WHERE `status` = 1 AND `id` = 85 LIMIT 1   [ RunTime:0.0002s ]
SQL: SELECT * FROM `tpshop_picture` WHERE `status` = 1 AND `id` = 66 LIMIT 1   [ RunTime:0.0003s ]
NOTIC: [8] Undefined variable: v /Applications/XAMPP/xamppfiles/htdocs/tpshop/Runtime/Cache/Home/769e70f2e46f34ceb60619bbda5e4691.php 第 360 行.
SQL: SELECT * FROM `tpshop_document_product` WHERE `id` = null LIMIT 1   [ RunTime:0.0003s ]
SQL: SELECT * FROM `tpshop_picture` WHERE `status` = 1 AND `id` = 23 LIMIT 1   [ RunTime:0.0003s ]
NOTIC: [8] Undefined variable: v /Applications/XAMPP/xamppfiles/htdocs/tpshop/Runtime/Cache/Home/769e70f2e46f34ceb60619bbda5e4691.php 第 360 行.
SQL: SELECT * FROM `tpshop_document_product` WHERE `id` = null LIMIT 1   [ RunTime:0.0002s ]
SQL: SELECT * FROM `tpshop_picture` WHERE `status` = 1 AND `id` = 24 LIMIT 1   [ RunTime:0.0002s ]
NOTIC: [8] Undefined variable: v /Applications/XAMPP/xamppfiles/htdocs/tpshop/Runtime/Cache/Home/769e70f2e46f34ceb60619bbda5e4691.php 第 360 行.
SQL: SELECT * FROM `tpshop_document_product` WHERE `id` = null LIMIT 1   [ RunTime:0.0002s ]
SQL: SELECT * FROM `tpshop_picture` WHERE `status` = 1 AND `id` = 21 LIMIT 1   [ RunTime:0.0002s ]
NOTIC: [8] Undefined variable: v /Applications/XAMPP/xamppfiles/htdocs/tpshop/Runtime/Cache/Home/769e70f2e46f34ceb60619bbda5e4691.php 第 360 行.
SQL: SELECT * FROM `tpshop_document_product` WHERE `id` = null LIMIT 1   [ RunTime:0.0002s ]
SQL: SELECT * FROM `tpshop_picture` WHERE `status` = 1 AND `id` = 20 LIMIT 1   [ RunTime:0.0002s ]
NOTIC: [8] Undefined variable: v /Applications/XAMPP/xamppfiles/htdocs/tpshop/Runtime/Cache/Home/769e70f2e46f34ceb60619bbda5e4691.php 第 360 行.
SQL: SELECT * FROM `tpshop_document_product` WHERE `id` = null LIMIT 1   [ RunTime:0.0003s ]
SQL: SELECT * FROM `tpshop_picture` WHERE `status` = 1 AND `id` = 17 LIMIT 1   [ RunTime:0.0003s ]
NOTIC: [8] Undefined variable: v /Applications/XAMPP/xamppfiles/htdocs/tpshop/Runtime/Cache/Home/769e70f2e46f34ceb60619bbda5e4691.php 第 360 行.
SQL: SELECT * FROM `tpshop_document_product` WHERE `id` = null LIMIT 1   [ RunTime:0.0002s ]
SQL: SELECT * FROM `tpshop_picture` WHERE `status` = 1 AND `id` = 9 LIMIT 1   [ RunTime:0.0002s ]
NOTIC: [8] Undefined variable: v /Applications/XAMPP/xamppfiles/htdocs/tpshop/Runtime/Cache/Home/769e70f2e46f34ceb60619bbda5e4691.php 第 360 行.
SQL: SELECT * FROM `tpshop_document_product` WHERE `id` = null LIMIT 1   [ RunTime:0.0002s ]
SQL: SELECT * FROM `tpshop_picture` WHERE `status` = 1 AND `id` = 7 LIMIT 1   [ RunTime:0.0002s ]
NOTIC: [8] Undefined variable: v /Applications/XAMPP/xamppfiles/htdocs/tpshop/Runtime/Cache/Home/769e70f2e46f34ceb60619bbda5e4691.php 第 360 行.
SQL: SELECT * FROM `tpshop_document_product` WHERE `id` = null LIMIT 1   [ RunTime:0.0002s ]
SQL: SELECT * FROM `tpshop_picture` WHERE `status` = 1 AND `id` = 15 LIMIT 1   [ RunTime:0.0002s ]
NOTIC: [8] Undefined variable: v /Applications/XAMPP/xamppfiles/htdocs/tpshop/Runtime/Cache/Home/769e70f2e46f34ceb60619bbda5e4691.php 第 360 行.
SQL: SELECT * FROM `tpshop_document_product` WHERE `id` = null LIMIT 1   [ RunTime:0.0002s ]
SQL: SELECT * FROM `tpshop_picture` WHERE `status` = 1 AND `id` = 87 LIMIT 1   [ RunTime:0.0002s ]
SQL: SELECT * FROM `tpshop_picture` WHERE `status` = 1 AND `id` = 110 LIMIT 1   [ RunTime:0.0002s ]
NOTIC: [8] Undefined variable: v /Applications/XAMPP/xamppfiles/htdocs/tpshop/Runtime/Cache/Home/769e70f2e46f34ceb60619bbda5e4691.php 第 360 行.
SQL: SELECT * FROM `tpshop_document_product` WHERE `id` = null LIMIT 1   [ RunTime:0.0002s ]
SQL: SELECT * FROM `tpshop_picture` WHERE `status` = 1 AND `id` = 108 LIMIT 1   [ RunTime:0.0002s ]
NOTIC: [8] Undefined variable: v /Applications/XAMPP/xamppfiles/htdocs/tpshop/Runtime/Cache/Home/769e70f2e46f34ceb60619bbda5e4691.php 第 360 行.
SQL: SELECT * FROM `tpshop_document_product` WHERE `id` = null LIMIT 1   [ RunTime:0.0002s ]
SQL: SELECT * FROM `tpshop_picture` WHERE `status` = 1 AND `id` = 107 LIMIT 1   [ RunTime:0.0002s ]
NOTIC: [8] Undefined variable: v /Applications/XAMPP/xamppfiles/htdocs/tpshop/Runtime/Cache/Home/769e70f2e46f34ceb60619bbda5e4691.php 第 360 行.
SQL: SELECT * FROM `tpshop_document_product` WHERE `id` = null LIMIT 1   [ RunTime:0.0002s ]
SQL: SELECT * FROM `tpshop_picture` WHERE `status` = 1 AND `id` = 105 LIMIT 1   [ RunTime:0.0002s ]
NOTIC: [8] Undefined variable: v /Applications/XAMPP/xamppfiles/htdocs/tpshop/Runtime/Cache/Home/769e70f2e46f34ceb60619bbda5e4691.php 第 360 行.
SQL: SELECT * FROM `tpshop_document_product` WHERE `id` = null LIMIT 1   [ RunTime:0.0002s ]
SQL: SELECT * FROM `tpshop_picture` WHERE `status` = 1 AND `id` = 104 LIMIT 1   [ RunTime:0.0002s ]
NOTIC: [8] Undefined variable: v /Applications/XAMPP/xamppfiles/htdocs/tpshop/Runtime/Cache/Home/769e70f2e46f34ceb60619bbda5e4691.php 第 360 行.
SQL: SELECT * FROM `tpshop_document_product` WHERE `id` = null LIMIT 1   [ RunTime:0.0002s ]
SQL: SELECT * FROM `tpshop_picture` WHERE `status` = 1 AND `id` = 91 LIMIT 1   [ RunTime:0.0002s ]
NOTIC: [8] Undefined variable: v /Applications/XAMPP/xamppfiles/htdocs/tpshop/Runtime/Cache/Home/769e70f2e46f34ceb60619bbda5e4691.php 第 360 行.
SQL: SELECT * FROM `tpshop_document_product` WHERE `id` = null LIMIT 1   [ RunTime:0.0002s ]
SQL: SELECT * FROM `tpshop_picture` WHERE `status` = 1 AND `id` = 103 LIMIT 1   [ RunTime:0.0002s ]
NOTIC: [8] Undefined variable: v /Applications/XAMPP/xamppfiles/htdocs/tpshop/Runtime/Cache/Home/769e70f2e46f34ceb60619bbda5e4691.php 第 360 行.
SQL: SELECT * FROM `tpshop_document_product` WHERE `id` = null LIMIT 1   [ RunTime:0.0002s ]
SQL: SELECT * FROM `tpshop_picture` WHERE `status` = 1 AND `id` = 101 LIMIT 1   [ RunTime:0.0002s ]
NOTIC: [8] Undefined variable: v /Applications/XAMPP/xamppfiles/htdocs/tpshop/Runtime/Cache/Home/769e70f2e46f34ceb60619bbda5e4691.php 第 360 行.
SQL: SELECT * FROM `tpshop_document_product` WHERE `id` = null LIMIT 1   [ RunTime:0.0002s ]
SQL: SELECT * FROM `tpshop_picture` WHERE `status` = 1 AND `id` = 99 LIMIT 1   [ RunTime:0.0002s ]
NOTIC: [8] Undefined variable: v /Applications/XAMPP/xamppfiles/htdocs/tpshop/Runtime/Cache/Home/769e70f2e46f34ceb60619bbda5e4691.php 第 360 行.
SQL: SELECT * FROM `tpshop_document_product` WHERE `id` = null LIMIT 1   [ RunTime:0.0002s ]
SQL: SELECT * FROM `tpshop_picture` WHERE `status` = 1 AND `id` = 98 LIMIT 1   [ RunTime:0.0002s ]
NOTIC: [8] Undefined variable: v /Applications/XAMPP/xamppfiles/htdocs/tpshop/Runtime/Cache/Home/769e70f2e46f34ceb60619bbda5e4691.php 第 360 行.
SQL: SELECT * FROM `tpshop_document_product` WHERE `id` = null LIMIT 1   [ RunTime:0.0002s ]
SQL: SELECT * FROM `tpshop_picture` WHERE `status` = 1 AND `id` = 88 LIMIT 1   [ RunTime:0.0002s ]
SQL: SELECT * FROM `tpshop_picture` WHERE `status` = 1 AND `id` = 97 LIMIT 1   [ RunTime:0.0002s ]
NOTIC: [8] Undefined variable: v /Applications/XAMPP/xamppfiles/htdocs/tpshop/Runtime/Cache/Home/769e70f2e46f34ceb60619bbda5e4691.php 第 360 行.
SQL: SELECT * FROM `tpshop_document_product` WHERE `id` = null LIMIT 1   [ RunTime:0.0002s ]
SQL: SELECT * FROM `tpshop_picture` WHERE `status` = 1 AND `id` = 96 LIMIT 1   [ RunTime:0.0002s ]
NOTIC: [8] Undefined variable: v /Applications/XAMPP/xamppfiles/htdocs/tpshop/Runtime/Cache/Home/769e70f2e46f34ceb60619bbda5e4691.php 第 360 行.
SQL: SELECT * FROM `tpshop_document_product` WHERE `id` = null LIMIT 1   [ RunTime:0.0002s ]
SQL: SELECT * FROM `tpshop_picture` WHERE `status` = 1 AND `id` = 95 LIMIT 1   [ RunTime:0.0002s ]
NOTIC: [8] Undefined variable: v /Applications/XAMPP/xamppfiles/htdocs/tpshop/Runtime/Cache/Home/769e70f2e46f34ceb60619bbda5e4691.php 第 360 行.
SQL: SELECT * FROM `tpshop_document_product` WHERE `id` = null LIMIT 1   [ RunTime:0.0002s ]
SQL: SELECT * FROM `tpshop_picture` WHERE `status` = 1 AND `id` = 92 LIMIT 1   [ RunTime:0.0002s ]
NOTIC: [8] Undefined variable: v /Applications/XAMPP/xamppfiles/htdocs/tpshop/Runtime/Cache/Home/769e70f2e46f34ceb60619bbda5e4691.php 第 360 行.
SQL: SELECT * FROM `tpshop_document_product` WHERE `id` = null LIMIT 1   [ RunTime:0.0002s ]
SQL: SELECT * FROM `tpshop_picture` WHERE `status` = 1 AND `id` = 86 LIMIT 1   [ RunTime:0.0002s ]
SQL: SELECT * FROM `tpshop_picture` WHERE `status` = 1 AND `id` = 89 LIMIT 1   [ RunTime:0.0002s ]
NOTIC: [8] Undefined variable: v /Applications/XAMPP/xamppfiles/htdocs/tpshop/Runtime/Cache/Home/769e70f2e46f34ceb60619bbda5e4691.php 第 360 行.
SQL: SELECT * FROM `tpshop_document_product` WHERE `id` = null LIMIT 1   [ RunTime:0.0002s ]
SQL: SELECT * FROM `tpshop_picture` WHERE `status` = 1 AND `id` = 62 LIMIT 1   [ RunTime:0.0002s ]
SQL: SELECT * FROM `tpshop_picture` WHERE `status` = 1 AND `id` = 62 LIMIT 1   [ RunTime:0.0002s ]
SQL: SELECT * FROM `tpshop_picture` WHERE `status` = 1 AND `id` = 57 LIMIT 1   [ RunTime:0.0002s ]
SQL: SELECT * FROM `tpshop_picture` WHERE `status` = 1 AND `id` = 59 LIMIT 1   [ RunTime:0.0002s ]
SQL: SELECT * FROM `tpshop_picture` WHERE `status` = 1 AND `id` = 56 LIMIT 1   [ RunTime:0.0002s ]
SQL: SELECT * FROM `tpshop_picture` WHERE `status` = 1 AND `id` = 111 LIMIT 1   [ RunTime:0.0001s ]
NOTIC: [8] Undefined variable: v /Applications/XAMPP/xamppfiles/htdocs/tpshop/Runtime/Cache/Home/769e70f2e46f34ceb60619bbda5e4691.php 第 360 行.
SQL: SELECT * FROM `tpshop_document_product` WHERE `id` = null LIMIT 1   [ RunTime:0.0001s ]
NOTIC: [8] Undefined variable: url /Applications/XAMPP/xamppfiles/htdocs/tpshop/Runtime/Cache/Home/769e70f2e46f34ceb60619bbda5e4691.php 第 387 行.
INFO: Run Behavior\ParseTemplateBehavior [ RunTime:0.052675s ]
INFO: [ view_parse ] --END-- [ RunTime:0.052708s ]
INFO: [ view_filter ] --START--
INFO: Run Behavior\WriteHtmlCacheBehavior [ RunTime:0.000127s ]
INFO: [ view_filter ] --END-- [ RunTime:0.000150s ]
INFO: [ app_end ] --START--
INFO: Run Behavior\ShowPageTraceBehavior [ RunTime:0.000320s ]
INFO: [ app_end ] --END-- [ RunTime:0.000356s ]

[ 2015-08-14T16:35:05+08:00 ] ::1 /
INFO: [ app_begin ] --START--
INFO: Run Behavior\ReadHtmlCacheBehavior [ RunTime:0.000366s ]
INFO: [ app_begin ] --END-- [ RunTime:0.000630s ]
SQL: SHOW COLUMNS FROM `tpshop_config` [ RunTime:0.0040s ]
SQL: SELECT `type`,`name`,`value` FROM `tpshop_config` WHERE `status` = 1  [ RunTime:0.0004s ]
NOTIC: [8] Use of undefined constant HTTP_CLIENT_IP - assumed 'HTTP_CLIENT_IP' /Applications/XAMPP/xamppfiles/htdocs/tpshop/Application/Common/Common/function.php 第 842 行.
NOTIC: [8] Use of undefined constant HTTP_X_FORWARDED_FOR - assumed 'HTTP_X_FORWARDED_FOR' /Applications/XAMPP/xamppfiles/htdocs/tpshop/Application/Common/Common/function.php 第 844 行.
NOTIC: [8] Use of undefined constant REMOTE_ADDR - assumed 'REMOTE_ADDR' /Applications/XAMPP/xamppfiles/htdocs/tpshop/Application/Common/Common/function.php 第 846 行.
NOTIC: [8] Use of undefined constant REMOTE_ADDR - assumed 'REMOTE_ADDR' /Applications/XAMPP/xamppfiles/htdocs/tpshop/Application/Common/Common/function.php 第 848 行.
NOTIC: [8] Use of undefined constant REMOTE_ADDR - assumed 'REMOTE_ADDR' /Applications/XAMPP/xamppfiles/htdocs/tpshop/Application/Common/Common/function.php 第 848 行.
NOTIC: [8] Use of undefined constant REMOTE_ADDR - assumed 'REMOTE_ADDR' /Applications/XAMPP/xamppfiles/htdocs/tpshop/Application/Common/Common/function.php 第 848 行.
NOTIC: [8] Use of undefined constant unknown - assumed 'unknown' /Applications/XAMPP/xamppfiles/htdocs/tpshop/Application/Common/Common/function.php 第 848 行.
NOTIC: [8] Use of undefined constant REMOTE_ADDR - assumed 'REMOTE_ADDR' /Applications/XAMPP/xamppfiles/htdocs/tpshop/Application/Common/Common/function.php 第 849 行.
NOTIC: [2] file_get_contents(http://ip.taobao.com/service/getIpInfo.php?ip=::1): failed to open stream: HTTP request failed! HTTP/1.1 502 Bad Gateway
 /Applications/XAMPP/xamppfiles/htdocs/tpshop/Application/Common/Common/function.php 第 816 行.
NOTIC: [8] Trying to get property of non-object /Applications/XAMPP/xamppfiles/htdocs/tpshop/Application/Common/Common/function.php 第 818 行.
NOTIC: [8] Trying to get property of non-object /Applications/XAMPP/xamppfiles/htdocs/tpshop/Application/Common/Common/function.php 第 820 行.
NOTIC: [8] Trying to get property of non-object /Applications/XAMPP/xamppfiles/htdocs/tpshop/Application/Common/Common/function.php 第 858 行.
NOTIC: [8] Trying to get property of non-object /Applications/XAMPP/xamppfiles/htdocs/tpshop/Application/Common/Common/function.php 第 859 行.
NOTIC: [8] Trying to get property of non-object /Applications/XAMPP/xamppfiles/htdocs/tpshop/Application/Common/Common/function.php 第 860 行.
NOTIC: [8] Trying to get property of non-object /Applications/XAMPP/xamppfiles/htdocs/tpshop/Application/Common/Common/function.php 第 861 行.
NOTIC: [8] Trying to get property of non-object /Applications/XAMPP/xamppfiles/htdocs/tpshop/Application/Common/Common/function.php 第 862 行.
NOTIC: [8] Trying to get property of non-object /Applications/XAMPP/xamppfiles/htdocs/tpshop/Application/Common/Common/function.php 第 863 行.
SQL: SHOW COLUMNS FROM `tpshop_records` [ RunTime:0.0042s ]
SQL: SELECT * FROM `tpshop_records` WHERE ( ip='' and tag='1' and page='index' )  [ RunTime:0.0004s ]
SQL: SELECT `time` FROM `tpshop_records` WHERE ( ip='' and tag='1' and page='index' ) ORDER BY id desc LIMIT 1   [ RunTime:0.0003s ]
SQL: SHOW COLUMNS FROM `tpshop_category` [ RunTime:0.0020s ]
SQL: SHOW COLUMNS FROM `tpshop_category` [ RunTime:0.0029s ]
SQL: SELECT `id`,`name`,`pid`,`title` FROM `tpshop_category` WHERE ( display="1"and ismenu="1"  ) ORDER BY sort desc  [ RunTime:0.0004s ]
SQL: SHOW COLUMNS FROM `tpshop_category` [ RunTime:0.0022s ]
SQL: SELECT `id` FROM `tpshop_category` WHERE ( display=1 and pid=0 )  [ RunTime:0.0004s ]
SQL: SHOW COLUMNS FROM `tpshop_slide` [ RunTime:0.0038s ]
SQL: SELECT * FROM `tpshop_slide` WHERE ( status=1 )  [ RunTime:0.0007s ]
SQL: SHOW COLUMNS FROM `tpshop_document_product` [ RunTime:0.0022s ]
SQL: SELECT * FROM `tpshop_document_product` WHERE ( mark="2" ) ORDER BY id desc LIMIT 6   [ RunTime:0.0003s ]
SQL: SELECT * FROM `tpshop_document_product` ORDER BY id desc LIMIT 6   [ RunTime:0.0002s ]
SQL: SHOW COLUMNS FROM `tpshop_document` [ RunTime:0.0021s ]
SQL: SELECT * FROM `tpshop_document` ORDER BY sale desc LIMIT 6   [ RunTime:0.0003s ]
SQL: SELECT * FROM `tpshop_document` WHERE ( position="4" )  [ RunTime:0.0003s ]
SQL: SHOW COLUMNS FROM `tpshop_config` [ RunTime:0.0021s ]
SQL: SELECT `value` FROM `tpshop_config` WHERE ( id="40" ) LIMIT 1   [ RunTime:0.0002s ]
SQL: SELECT `type`,`name`,`value` FROM `tpshop_config` WHERE `status` = 1  [ RunTime:0.0003s ]
SQL: SHOW COLUMNS FROM `tpshop_shopcart` [ RunTime:0.0043s ]
SQL: SHOW COLUMNS FROM `tpshop_member` [ RunTime:0.0032s ]
SQL: SELECT * FROM `tpshop_shopcart` WHERE `uid` = null  [ RunTime:0.0003s ]
NOTIC: [8] Undefined index: cart /Applications/XAMPP/xamppfiles/htdocs/tpshop/Application/Home/Controller/IndexController.class.php 第 57 行.
SQL: SELECT `type`,`name`,`value` FROM `tpshop_config` WHERE `status` = 1  [ RunTime:0.0004s ]
SQL: SELECT * FROM `tpshop_category` WHERE ( ismenu='2' and pid='0' ) ORDER BY id asc  [ RunTime:0.0004s ]
SQL: SELECT * FROM `tpshop_category` WHERE ( pid='77' )  [ RunTime:0.0003s ]
SQL: SELECT * FROM `tpshop_category` WHERE ( pid='133' )  [ RunTime:0.0003s ]
SQL: SELECT * FROM `tpshop_category` WHERE ( pid='137' )  [ RunTime:0.0004s ]
SQL: SELECT * FROM `tpshop_category` WHERE ( pid='141' )  [ RunTime:0.0004s ]
SQL: SELECT `id`,`name`,`title`,`pid`,`sort`,`list_row`,`meta_title`,`keywords`,`description`,`template_index`,`template_lists`,`template_detail`,`template_edit`,`model`,`model_sub`,`type`,`link_id`,`allow_publish`,`display`,`reply`,`check`,`reply_model`,`extend`,`create_time`,`update_time`,`status`,`icon`,`ismenu` FROM `tpshop_category` WHERE `status` = 1 AND `ismenu` = 1 ORDER BY sort desc  [ RunTime:0.0007s ]
SQL: SELECT * FROM `tpshop_category` WHERE `pid` IN ('52') AND `ismenu` = 1 ORDER BY id desc LIMIT 10   [ RunTime:0.0005s ]
SQL: SHOW COLUMNS FROM `tpshop_document` [ RunTime:0.0019s ]
SQL: SELECT * FROM `tpshop_document` WHERE `category_id` IN ('52','58','124','57','126') AND `status` = 1 ORDER BY id desc LIMIT 10   [ RunTime:0.0007s ]
SQL: SELECT * FROM `tpshop_category` WHERE `pid` IN ('107') AND `ismenu` = 1 ORDER BY id desc LIMIT 10   [ RunTime:0.0005s ]
SQL: SELECT * FROM `tpshop_document` WHERE `category_id` IN ('107','104','110','105','109') AND `status` = 1 ORDER BY id desc LIMIT 10   [ RunTime:0.0008s ]
NOTIC: [8] Undefined index: _ /Applications/XAMPP/xamppfiles/htdocs/tpshop/Application/Home/Controller/IndexController.class.php 第 151 行.
NOTIC: [2] Invalid argument supplied for foreach() /Applications/XAMPP/xamppfiles/htdocs/tpshop/Application/Home/Controller/IndexController.class.php 第 151 行.
NOTIC: [8] Undefined index: _ /Applications/XAMPP/xamppfiles/htdocs/tpshop/Application/Home/Controller/IndexController.class.php 第 151 行.
NOTIC: [2] Invalid argument supplied for foreach() /Applications/XAMPP/xamppfiles/htdocs/tpshop/Application/Home/Controller/IndexController.class.php 第 151 行.
SQL: SELECT * FROM `tpshop_category` WHERE `pid` IN ('75') AND `ismenu` = 1 ORDER BY id desc LIMIT 10   [ RunTime:0.0008s ]
SQL: SELECT * FROM `tpshop_document` WHERE `category_id` IN ('75','115','116','129','117','118','123','119') AND `status` = 1 ORDER BY id desc LIMIT 10   [ RunTime:0.0008s ]
SQL: SELECT * FROM `tpshop_category` WHERE `pid` IN ('71') AND `ismenu` = 1 ORDER BY id desc LIMIT 10   [ RunTime:0.0004s ]
SQL: SELECT * FROM `tpshop_document` WHERE `category_id` IN ('71','81','82','83','84','86','87','88') AND `status` = 1 ORDER BY id desc LIMIT 10   [ RunTime:0.0005s ]
SQL: SELECT * FROM `tpshop_category` WHERE `pid` IN ('72') AND `ismenu` = 1 ORDER BY id desc LIMIT 10   [ RunTime:0.0003s ]
SQL: SELECT * FROM `tpshop_document` WHERE `category_id` IN ('72','92','93','94','96','99','100','101') AND `status` = 1 ORDER BY id desc LIMIT 10   [ RunTime:0.0004s ]
SQL: SELECT * FROM `tpshop_category` WHERE `pid` IN ('73') AND `ismenu` = 1 ORDER BY id desc LIMIT 10   [ RunTime:0.0003s ]
SQL: SELECT * FROM `tpshop_document` WHERE `category_id` IN ('73','97','98','102','103') AND `status` = 1 ORDER BY id desc LIMIT 10   [ RunTime:0.0005s ]
NOTIC: [8] Undefined index: _ /Applications/XAMPP/xamppfiles/htdocs/tpshop/Application/Home/Controller/IndexController.class.php 第 151 行.
NOTIC: [2] Invalid argument supplied for foreach() /Applications/XAMPP/xamppfiles/htdocs/tpshop/Application/Home/Controller/IndexController.class.php 第 151 行.
SQL: SELECT * FROM `tpshop_category` WHERE `pid` IN ('76') AND `ismenu` = 1 ORDER BY id desc LIMIT 10   [ RunTime:0.0003s ]
SQL: SELECT * FROM `tpshop_document` WHERE `category_id` IN ('76','120','121','122') AND `status` = 1 ORDER BY id desc LIMIT 10   [ RunTime:0.0002s ]
SQL: SELECT * FROM `tpshop_category` WHERE `pid` IN ('90') AND `ismenu` = 1 ORDER BY id desc LIMIT 10   [ RunTime:0.0002s ]
SQL: SELECT * FROM `tpshop_document` WHERE `category_id` IN ('90','106','108') AND `status` = 1 ORDER BY id desc LIMIT 10   [ RunTime:0.0002s ]
SQL: SELECT * FROM `tpshop_category` WHERE `pid` IN ('111') AND `ismenu` = 1 ORDER BY id desc LIMIT 10   [ RunTime:0.0002s ]
SQL: SELECT * FROM `tpshop_document` WHERE `category_id` IN ('111','112','114') AND `status` = 1 ORDER BY id desc LIMIT 10   [ RunTime:0.0003s ]
SQL: SELECT * FROM `tpshop_document` WHERE ( category_id='56' ) ORDER BY id desc LIMIT 8   [ RunTime:0.0002s ]
SQL: SELECT * FROM `tpshop_document` WHERE ( category_id='70' ) ORDER BY id desc LIMIT 8   [ RunTime:0.0002s ]
INFO: [ view_parse ] --START--
INFO: [ template_filter ] --START--
INFO: Run Behavior\ContentReplaceBehavior [ RunTime:0.000173s ]
INFO: [ template_filter ] --END-- [ RunTime:0.000211s ]
SQL: SHOW COLUMNS FROM `tpshop_channel` [ RunTime:0.0018s ]
SQL: SELECT `id`,`pid`,`title`,`url`,`sort`,`create_time`,`update_time`,`status`,`target` FROM `tpshop_channel` WHERE ( status=1 ) ORDER BY sort  [ RunTime:0.0002s ]
SQL: SHOW COLUMNS FROM `tpshop_picture` [ RunTime:0.0022s ]
SQL: SELECT * FROM `tpshop_picture` WHERE `status` = 1 AND `id` = 50 LIMIT 1   [ RunTime:0.0002s ]
SQL: SELECT * FROM `tpshop_picture` WHERE `status` = 1 AND `id` = 49 LIMIT 1   [ RunTime:0.0002s ]
SQL: SELECT * FROM `tpshop_picture` WHERE `status` = 1 AND `id` = 34 LIMIT 1   [ RunTime:0.0002s ]
SQL: SELECT * FROM `tpshop_picture` WHERE `status` = 1 AND `id` = 48 LIMIT 1   [ RunTime:0.0002s ]
SQL: SELECT * FROM `tpshop_picture` WHERE `status` = 1 AND `id` = 33 LIMIT 1   [ RunTime:0.0002s ]
SQL: SELECT * FROM `tpshop_picture` WHERE `status` = 1 AND `id` = 85 LIMIT 1   [ RunTime:0.0002s ]
SQL: SELECT * FROM `tpshop_picture` WHERE `status` = 1 AND `id` = 66 LIMIT 1   [ RunTime:0.0002s ]
NOTIC: [8] Undefined variable: v /Applications/XAMPP/xamppfiles/htdocs/tpshop/Runtime/Cache/Home/769e70f2e46f34ceb60619bbda5e4691.php 第 360 行.
SQL: SELECT * FROM `tpshop_document_product` WHERE `id` = null LIMIT 1   [ RunTime:0.0002s ]
SQL: SELECT * FROM `tpshop_picture` WHERE `status` = 1 AND `id` = 23 LIMIT 1   [ RunTime:0.0003s ]
NOTIC: [8] Undefined variable: v /Applications/XAMPP/xamppfiles/htdocs/tpshop/Runtime/Cache/Home/769e70f2e46f34ceb60619bbda5e4691.php 第 360 行.
SQL: SELECT * FROM `tpshop_document_product` WHERE `id` = null LIMIT 1   [ RunTime:0.0003s ]
SQL: SELECT * FROM `tpshop_picture` WHERE `status` = 1 AND `id` = 24 LIMIT 1   [ RunTime:0.0003s ]
NOTIC: [8] Undefined variable: v /Applications/XAMPP/xamppfiles/htdocs/tpshop/Runtime/Cache/Home/769e70f2e46f34ceb60619bbda5e4691.php 第 360 行.
SQL: SELECT * FROM `tpshop_document_product` WHERE `id` = null LIMIT 1   [ RunTime:0.0003s ]
SQL: SELECT * FROM `tpshop_picture` WHERE `status` = 1 AND `id` = 21 LIMIT 1   [ RunTime:0.0002s ]
NOTIC: [8] Undefined variable: v /Applications/XAMPP/xamppfiles/htdocs/tpshop/Runtime/Cache/Home/769e70f2e46f34ceb60619bbda5e4691.php 第 360 行.
SQL: SELECT * FROM `tpshop_document_product` WHERE `id` = null LIMIT 1   [ RunTime:0.0002s ]
SQL: SELECT * FROM `tpshop_picture` WHERE `status` = 1 AND `id` = 20 LIMIT 1   [ RunTime:0.0002s ]
NOTIC: [8] Undefined variable: v /Applications/XAMPP/xamppfiles/htdocs/tpshop/Runtime/Cache/Home/769e70f2e46f34ceb60619bbda5e4691.php 第 360 行.
SQL: SELECT * FROM `tpshop_document_product` WHERE `id` = null LIMIT 1   [ RunTime:0.0002s ]
SQL: SELECT * FROM `tpshop_picture` WHERE `status` = 1 AND `id` = 17 LIMIT 1   [ RunTime:0.0002s ]
NOTIC: [8] Undefined variable: v /Applications/XAMPP/xamppfiles/htdocs/tpshop/Runtime/Cache/Home/769e70f2e46f34ceb60619bbda5e4691.php 第 360 行.
SQL: SELECT * FROM `tpshop_document_product` WHERE `id` = null LIMIT 1   [ RunTime:0.0002s ]
SQL: SELECT * FROM `tpshop_picture` WHERE `status` = 1 AND `id` = 9 LIMIT 1   [ RunTime:0.0002s ]
NOTIC: [8] Undefined variable: v /Applications/XAMPP/xamppfiles/htdocs/tpshop/Runtime/Cache/Home/769e70f2e46f34ceb60619bbda5e4691.php 第 360 行.
SQL: SELECT * FROM `tpshop_document_product` WHERE `id` = null LIMIT 1   [ RunTime:0.0002s ]
SQL: SELECT * FROM `tpshop_picture` WHERE `status` = 1 AND `id` = 7 LIMIT 1   [ RunTime:0.0002s ]
NOTIC: [8] Undefined variable: v /Applications/XAMPP/xamppfiles/htdocs/tpshop/Runtime/Cache/Home/769e70f2e46f34ceb60619bbda5e4691.php 第 360 行.
SQL: SELECT * FROM `tpshop_document_product` WHERE `id` = null LIMIT 1   [ RunTime:0.0001s ]
SQL: SELECT * FROM `tpshop_picture` WHERE `status` = 1 AND `id` = 15 LIMIT 1   [ RunTime:0.0002s ]
NOTIC: [8] Undefined variable: v /Applications/XAMPP/xamppfiles/htdocs/tpshop/Runtime/Cache/Home/769e70f2e46f34ceb60619bbda5e4691.php 第 360 行.
SQL: SELECT * FROM `tpshop_document_product` WHERE `id` = null LIMIT 1   [ RunTime:0.0001s ]
SQL: SELECT * FROM `tpshop_picture` WHERE `status` = 1 AND `id` = 87 LIMIT 1   [ RunTime:0.0002s ]
SQL: SELECT * FROM `tpshop_picture` WHERE `status` = 1 AND `id` = 110 LIMIT 1   [ RunTime:0.0002s ]
NOTIC: [8] Undefined variable: v /Applications/XAMPP/xamppfiles/htdocs/tpshop/Runtime/Cache/Home/769e70f2e46f34ceb60619bbda5e4691.php 第 360 行.
SQL: SELECT * FROM `tpshop_document_product` WHERE `id` = null LIMIT 1   [ RunTime:0.0003s ]
SQL: SELECT * FROM `tpshop_picture` WHERE `status` = 1 AND `id` = 108 LIMIT 1   [ RunTime:0.0003s ]
NOTIC: [8] Undefined variable: v /Applications/XAMPP/xamppfiles/htdocs/tpshop/Runtime/Cache/Home/769e70f2e46f34ceb60619bbda5e4691.php 第 360 行.
SQL: SELECT * FROM `tpshop_document_product` WHERE `id` = null LIMIT 1   [ RunTime:0.0002s ]
SQL: SELECT * FROM `tpshop_picture` WHERE `status` = 1 AND `id` = 107 LIMIT 1   [ RunTime:0.0003s ]
NOTIC: [8] Undefined variable: v /Applications/XAMPP/xamppfiles/htdocs/tpshop/Runtime/Cache/Home/769e70f2e46f34ceb60619bbda5e4691.php 第 360 行.
SQL: SELECT * FROM `tpshop_document_product` WHERE `id` = null LIMIT 1   [ RunTime:0.0002s ]
SQL: SELECT * FROM `tpshop_picture` WHERE `status` = 1 AND `id` = 105 LIMIT 1   [ RunTime:0.0003s ]
NOTIC: [8] Undefined variable: v /Applications/XAMPP/xamppfiles/htdocs/tpshop/Runtime/Cache/Home/769e70f2e46f34ceb60619bbda5e4691.php 第 360 行.
SQL: SELECT * FROM `tpshop_document_product` WHERE `id` = null LIMIT 1   [ RunTime:0.0002s ]
SQL: SELECT * FROM `tpshop_picture` WHERE `status` = 1 AND `id` = 104 LIMIT 1   [ RunTime:0.0003s ]
NOTIC: [8] Undefined variable: v /Applications/XAMPP/xamppfiles/htdocs/tpshop/Runtime/Cache/Home/769e70f2e46f34ceb60619bbda5e4691.php 第 360 行.
SQL: SELECT * FROM `tpshop_document_product` WHERE `id` = null LIMIT 1   [ RunTime:0.0003s ]
SQL: SELECT * FROM `tpshop_picture` WHERE `status` = 1 AND `id` = 91 LIMIT 1   [ RunTime:0.0003s ]
NOTIC: [8] Undefined variable: v /Applications/XAMPP/xamppfiles/htdocs/tpshop/Runtime/Cache/Home/769e70f2e46f34ceb60619bbda5e4691.php 第 360 行.
SQL: SELECT * FROM `tpshop_document_product` WHERE `id` = null LIMIT 1   [ RunTime:0.0002s ]
SQL: SELECT * FROM `tpshop_picture` WHERE `status` = 1 AND `id` = 103 LIMIT 1   [ RunTime:0.0003s ]
NOTIC: [8] Undefined variable: v /Applications/XAMPP/xamppfiles/htdocs/tpshop/Runtime/Cache/Home/769e70f2e46f34ceb60619bbda5e4691.php 第 360 行.
SQL: SELECT * FROM `tpshop_document_product` WHERE `id` = null LIMIT 1   [ RunTime:0.0002s ]
SQL: SELECT * FROM `tpshop_picture` WHERE `status` = 1 AND `id` = 101 LIMIT 1   [ RunTime:0.0003s ]
NOTIC: [8] Undefined variable: v /Applications/XAMPP/xamppfiles/htdocs/tpshop/Runtime/Cache/Home/769e70f2e46f34ceb60619bbda5e4691.php 第 360 行.
SQL: SELECT * FROM `tpshop_document_product` WHERE `id` = null LIMIT 1   [ RunTime:0.0003s ]
SQL: SELECT * FROM `tpshop_picture` WHERE `status` = 1 AND `id` = 99 LIMIT 1   [ RunTime:0.0003s ]
NOTIC: [8] Undefined variable: v /Applications/XAMPP/xamppfiles/htdocs/tpshop/Runtime/Cache/Home/769e70f2e46f34ceb60619bbda5e4691.php 第 360 行.
SQL: SELECT * FROM `tpshop_document_product` WHERE `id` = null LIMIT 1   [ RunTime:0.0003s ]
SQL: SELECT * FROM `tpshop_picture` WHERE `status` = 1 AND `id` = 98 LIMIT 1   [ RunTime:0.0002s ]
NOTIC: [8] Undefined variable: v /Applications/XAMPP/xamppfiles/htdocs/tpshop/Runtime/Cache/Home/769e70f2e46f34ceb60619bbda5e4691.php 第 360 行.
SQL: SELECT * FROM `tpshop_document_product` WHERE `id` = null LIMIT 1   [ RunTime:0.0002s ]
SQL: SELECT * FROM `tpshop_picture` WHERE `status` = 1 AND `id` = 88 LIMIT 1   [ RunTime:0.0002s ]
SQL: SELECT * FROM `tpshop_picture` WHERE `status` = 1 AND `id` = 97 LIMIT 1   [ RunTime:0.0002s ]
NOTIC: [8] Undefined variable: v /Applications/XAMPP/xamppfiles/htdocs/tpshop/Runtime/Cache/Home/769e70f2e46f34ceb60619bbda5e4691.php 第 360 行.
SQL: SELECT * FROM `tpshop_document_product` WHERE `id` = null LIMIT 1   [ RunTime:0.0002s ]
SQL: SELECT * FROM `tpshop_picture` WHERE `status` = 1 AND `id` = 96 LIMIT 1   [ RunTime:0.0002s ]
NOTIC: [8] Undefined variable: v /Applications/XAMPP/xamppfiles/htdocs/tpshop/Runtime/Cache/Home/769e70f2e46f34ceb60619bbda5e4691.php 第 360 行.
SQL: SELECT * FROM `tpshop_document_product` WHERE `id` = null LIMIT 1   [ RunTime:0.0002s ]
SQL: SELECT * FROM `tpshop_picture` WHERE `status` = 1 AND `id` = 95 LIMIT 1   [ RunTime:0.0002s ]
NOTIC: [8] Undefined variable: v /Applications/XAMPP/xamppfiles/htdocs/tpshop/Runtime/Cache/Home/769e70f2e46f34ceb60619bbda5e4691.php 第 360 行.
SQL: SELECT * FROM `tpshop_document_product` WHERE `id` = null LIMIT 1   [ RunTime:0.0002s ]
SQL: SELECT * FROM `tpshop_picture` WHERE `status` = 1 AND `id` = 92 LIMIT 1   [ RunTime:0.0002s ]
NOTIC: [8] Undefined variable: v /Applications/XAMPP/xamppfiles/htdocs/tpshop/Runtime/Cache/Home/769e70f2e46f34ceb60619bbda5e4691.php 第 360 行.
SQL: SELECT * FROM `tpshop_document_product` WHERE `id` = null LIMIT 1   [ RunTime:0.0002s ]
SQL: SELECT * FROM `tpshop_picture` WHERE `status` = 1 AND `id` = 86 LIMIT 1   [ RunTime:0.0002s ]
SQL: SELECT * FROM `tpshop_picture` WHERE `status` = 1 AND `id` = 89 LIMIT 1   [ RunTime:0.0002s ]
NOTIC: [8] Undefined variable: v /Applications/XAMPP/xamppfiles/htdocs/tpshop/Runtime/Cache/Home/769e70f2e46f34ceb60619bbda5e4691.php 第 360 行.
SQL: SELECT * FROM `tpshop_document_product` WHERE `id` = null LIMIT 1   [ RunTime:0.0003s ]
SQL: SELECT * FROM `tpshop_picture` WHERE `status` = 1 AND `id` = 62 LIMIT 1   [ RunTime:0.0004s ]
SQL: SELECT * FROM `tpshop_picture` WHERE `status` = 1 AND `id` = 62 LIMIT 1   [ RunTime:0.0002s ]
SQL: SELECT * FROM `tpshop_picture` WHERE `status` = 1 AND `id` = 57 LIMIT 1   [ RunTime:0.0003s ]
SQL: SELECT * FROM `tpshop_picture` WHERE `status` = 1 AND `id` = 59 LIMIT 1   [ RunTime:0.0002s ]
SQL: SELECT * FROM `tpshop_picture` WHERE `status` = 1 AND `id` = 56 LIMIT 1   [ RunTime:0.0003s ]
SQL: SELECT * FROM `tpshop_picture` WHERE `status` = 1 AND `id` = 111 LIMIT 1   [ RunTime:0.0002s ]
NOTIC: [8] Undefined variable: v /Applications/XAMPP/xamppfiles/htdocs/tpshop/Runtime/Cache/Home/769e70f2e46f34ceb60619bbda5e4691.php 第 360 行.
SQL: SELECT * FROM `tpshop_document_product` WHERE `id` = null LIMIT 1   [ RunTime:0.0002s ]
NOTIC: [8] Undefined variable: url /Applications/XAMPP/xamppfiles/htdocs/tpshop/Runtime/Cache/Home/769e70f2e46f34ceb60619bbda5e4691.php 第 387 行.
INFO: Run Behavior\ParseTemplateBehavior [ RunTime:0.058756s ]
INFO: [ view_parse ] --END-- [ RunTime:0.058782s ]
INFO: [ view_filter ] --START--
INFO: Run Behavior\WriteHtmlCacheBehavior [ RunTime:0.000144s ]
INFO: [ view_filter ] --END-- [ RunTime:0.000165s ]
INFO: [ app_end ] --START--
INFO: Run Behavior\ShowPageTraceBehavior [ RunTime:0.000419s ]
INFO: [ app_end ] --END-- [ RunTime:0.000467s ]

[ 2015-08-14T16:35:14+08:00 ] ::1 /index.php?s=/Home/User/login.html
SQL: SELECT `type`,`name`,`value` FROM `tpshop_config` WHERE `status` = 1  [ RunTime:0.0003s ]
SQL: SHOW COLUMNS FROM `tpshop_category` [ RunTime:0.0035s ]
SQL: SELECT * FROM `tpshop_category` WHERE ( ismenu='2' and pid='0' ) ORDER BY id asc  [ RunTime:0.0004s ]
SQL: SELECT * FROM `tpshop_category` WHERE ( pid='77' )  [ RunTime:0.0003s ]
SQL: SELECT * FROM `tpshop_category` WHERE ( pid='133' )  [ RunTime:0.0003s ]
SQL: SELECT * FROM `tpshop_category` WHERE ( pid='137' )  [ RunTime:0.0004s ]
SQL: SELECT * FROM `tpshop_category` WHERE ( pid='141' )  [ RunTime:0.0005s ]
INFO: [ view_parse ] --START--
INFO: [ template_filter ] --START--
INFO: Run Behavior\ContentReplaceBehavior [ RunTime:0.000078s ]
INFO: [ template_filter ] --END-- [ RunTime:0.000155s ]
NOTIC: [8] Undefined variable: referr /Applications/XAMPP/xamppfiles/htdocs/tpshop/Runtime/Cache/Home/b171d71961885d3bf0f7a9b2e0867b01.php 第 121 行.
INFO: [ SyncLogin ] --START--
SQL: SHOW COLUMNS FROM `tpshop_addons` [ RunTime:0.0021s ]
SQL: SELECT `config` FROM `tpshop_addons` WHERE `name` = 'SyncLogin' AND `status` = 1 LIMIT 1   [ RunTime:0.0002s ]
INFO: [ view_parse ] --START--
INFO: [ template_filter ] --START--
INFO: Run Behavior\ContentReplaceBehavior [ RunTime:0.000029s ]
INFO: [ template_filter ] --END-- [ RunTime:-0.007236s ]
INFO: Run Behavior\ParseTemplateBehavior [ RunTime:0.004621s ]
INFO: [ view_parse ] --END-- [ RunTime:0.004651s ]
INFO: [ view_filter ] --START--
INFO: Run Behavior\WriteHtmlCacheBehavior [ RunTime:0.000086s ]
INFO: [ view_filter ] --END-- [ RunTime:0.000104s ]
INFO: Run Addons\SyncLogin\SyncLoginAddon [ RunTime:0.007977s ]
INFO: [ SyncLogin ] --END-- [ RunTime:0.008002s ]
INFO: Run Behavior\ParseTemplateBehavior [ RunTime:0.005024s ]
INFO: [ view_parse ] --END-- [ RunTime:0.004651s ]
INFO: [ view_filter ] --START--
INFO: Run Behavior\WriteHtmlCacheBehavior [ RunTime:0.000004s ]
INFO: [ view_filter ] --END-- [ RunTime:-0.000288s ]
INFO: [ app_end ] --START--
INFO: Run Behavior\ShowPageTraceBehavior [ RunTime:0.000305s ]
INFO: [ app_end ] --END-- [ RunTime:0.000331s ]

[ 2015-08-14T16:35:14+08:00 ] ::1 /index.php?s=/Home/User/login.html
INFO: [ app_begin ] --START--
INFO: Run Behavior\ReadHtmlCacheBehavior [ RunTime:0.000519s ]
INFO: [ app_begin ] --END-- [ RunTime:0.000891s ]
SQL: SHOW COLUMNS FROM `tpshop_config` [ RunTime:0.0027s ]
SQL: SELECT `type`,`name`,`value` FROM `tpshop_config` WHERE `status` = 1  [ RunTime:0.0004s ]
NOTIC: [8] Undefined index: lite /Applications/XAMPP/xamppfiles/htdocs/tpshop/ThinkPHP/Library/Think/Db.class.php 第 37 行.

